{
  "Cucumber Features": {
    "coverage": {
      "/home/ubuntu/workspace/project/allphonetoys_ror/app/controllers/admins_controller.rb": [
        1,
        1,
        1,
        null,
        null,
        null,
        1,
        11,
        null,
        null,
        null,
        null,
        1,
        null,
        null,
        1,
        null,
        null,
        null,
        1,
        11,
        null,
        null,
        null,
        1,
        null,
        null,
        null,
        null,
        1,
        11,
        null,
        11,
        11,
        22,
        11,
        null,
        0,
        0,
        null,
        null,
        null,
        null,
        null,
        null,
        1,
        0,
        0,
        0,
        0,
        null,
        0,
        0,
        null,
        null,
        null,
        null,
        null,
        null,
        1,
        0,
        0,
        0,
        0,
        null,
        null,
        null,
        1,
        null,
        1,
        11,
        null,
        null,
        null,
        1,
        11,
        null,
        null
      ],
      "/home/ubuntu/workspace/project/allphonetoys_ror/app/controllers/application_controller.rb": [
        1,
        1,
        1,
        1,
        1,
        1,
        null,
        1,
        11,
        null,
        null,
        1,
        5,
        null,
        null,
        1,
        130,
        130,
        12,
        null,
        130,
        130,
        130,
        130,
        null,
        null,
        1,
        0,
        0,
        0,
        null,
        null
      ],
      "/home/ubuntu/workspace/project/allphonetoys_ror/app/helpers/application_helper.rb": [
        1,
        1,
        268,
        null,
        1,
        18,
        0,
        18,
        0,
        18,
        1,
        null,
        null,
        null
      ],
      "/home/ubuntu/workspace/project/allphonetoys_ror/app/helpers/admins_helper.rb": [
        1,
        null
      ],
      "/home/ubuntu/workspace/project/allphonetoys_ror/app/helpers/locations_helper.rb": [
        1,
        null
      ],
      "/home/ubuntu/workspace/project/allphonetoys_ror/app/helpers/password_resets_helper.rb": [
        1,
        null
      ],
      "/home/ubuntu/workspace/project/allphonetoys_ror/app/helpers/providers_helper.rb": [
        1,
        null
      ],
      "/home/ubuntu/workspace/project/allphonetoys_ror/app/helpers/sessions_helper.rb": [
        1,
        1,
        4,
        null,
        null,
        1,
        10,
        null,
        null,
        1,
        307,
        null,
        null,
        1,
        113,
        null,
        null,
        1,
        17,
        0,
        null,
        null,
        null,
        null,
        null,
        null,
        null,
        1,
        0,
        0,
        0,
        0,
        null,
        null
      ],
      "/home/ubuntu/workspace/project/allphonetoys_ror/app/helpers/transactions_helper.rb": [
        1,
        null
      ],
      "/home/ubuntu/workspace/project/allphonetoys_ror/app/helpers/users_helper.rb": [
        1,
        null
      ],
      "/home/ubuntu/workspace/project/allphonetoys_ror/app/models/user.rb": [
        1,
        1,
        null,
        1,
        null,
        1,
        null,
        1,
        null,
        1,
        1,
        null,
        1,
        5,
        1,
        5,
        null,
        null,
        1,
        null,
        1,
        1,
        1,
        1,
        1,
        1,
        1,
        null,
        null,
        1,
        0,
        0,
        0,
        0,
        null,
        null,
        1,
        null,
        4,
        4,
        null,
        null,
        null
      ],
      "/home/ubuntu/workspace/project/allphonetoys_ror/app/models/application_record.rb": [
        1,
        1,
        null
      ],
      "/home/ubuntu/workspace/project/allphonetoys_ror/app/models/provider.rb": [
        1,
        1,
        null
      ],
      "/home/ubuntu/workspace/project/allphonetoys_ror/app/models/location.rb": [
        1,
        1,
        null
      ],
      "/home/ubuntu/workspace/project/allphonetoys_ror/app/models/admin.rb": [
        1,
        1,
        10,
        null,
        null
      ],
      "/home/ubuntu/workspace/project/allphonetoys_ror/app/controllers/sessions_controller.rb": [
        1,
        1,
        25,
        0,
        0,
        25,
        1,
        null,
        null,
        null,
        1,
        16,
        null,
        16,
        16,
        null,
        16,
        10,
        10,
        6,
        4,
        0,
        null,
        4,
        null,
        4,
        4,
        null,
        2,
        2,
        null,
        null,
        null,
        1,
        4,
        4,
        4,
        4,
        null,
        null
      ],
      "/home/ubuntu/workspace/project/allphonetoys_ror/app/controllers/users_controller.rb": [
        1,
        1,
        1,
        1,
        null,
        null,
        null,
        1,
        null,
        null,
        1,
        null,
        null,
        null,
        null,
        null,
        1,
        null,
        null,
        null,
        1,
        5,
        null,
        null,
        null,
        1,
        1,
        null,
        null,
        null,
        null,
        1,
        4,
        null,
        4,
        4,
        8,
        4,
        null,
        0,
        0,
        null,
        null,
        null,
        null,
        null,
        null,
        1,
        1,
        1,
        2,
        1,
        null,
        0,
        0,
        null,
        null,
        null,
        null,
        null,
        null,
        1,
        0,
        0,
        0,
        0,
        null,
        null,
        null,
        1,
        null,
        1,
        7,
        null,
        null,
        null,
        1,
        5,
        null,
        null
      ],
      "/home/ubuntu/workspace/project/allphonetoys_ror/app/controllers/transactions_controller.rb": [
        1,
        1,
        1,
        null,
        null,
        null,
        1,
        1,
        0,
        null,
        1,
        null,
        0,
        null,
        null,
        1,
        null,
        null,
        1,
        1,
        1,
        1,
        null,
        null,
        1,
        1,
        1,
        null,
        null,
        null,
        null,
        1,
        null,
        null,
        null,
        1,
        1,
        1,
        1,
        1,
        1,
        0,
        0,
        null,
        1,
        10,
        null,
        null,
        null,
        null,
        1,
        null,
        null,
        null,
        null,
        1,
        1,
        1,
        1,
        null,
        null,
        1,
        1,
        2,
        1,
        null,
        0,
        0,
        null,
        null,
        null,
        null,
        null,
        null,
        1,
        0,
        0,
        0,
        0,
        null,
        0,
        0,
        null,
        null,
        null,
        null,
        null,
        null,
        1,
        0,
        0,
        0,
        0,
        null,
        null,
        null,
        1,
        0,
        null,
        0,
        0,
        0,
        0,
        0,
        0,
        null,
        0,
        0,
        null,
        null,
        1,
        0,
        0,
        0,
        0,
        0,
        null,
        0,
        0,
        null,
        null,
        1,
        null,
        1,
        1,
        null,
        null,
        null,
        1,
        1,
        null,
        null
      ],
      "/home/ubuntu/workspace/project/allphonetoys_ror/app/models/transaction.rb": [
        1,
        1,
        null,
        1,
        1,
        null,
        null,
        2,
        2,
        null,
        null,
        1,
        null,
        1,
        1,
        1,
        1,
        1,
        null,
        null,
        null,
        null,
        null,
        null
      ],
      "/home/ubuntu/workspace/project/allphonetoys_ror/app/controllers/locations_controller.rb": [
        1,
        1,
        null,
        1,
        1,
        null,
        null,
        1,
        0,
        null,
        null,
        1,
        0,
        null,
        0,
        0,
        0,
        0,
        null,
        0,
        0,
        null,
        null,
        null,
        null,
        1,
        0,
        0,
        0,
        0,
        null,
        null,
        null,
        1,
        null,
        1,
        0,
        null,
        null
      ],
      "/home/ubuntu/workspace/project/allphonetoys_ror/app/controllers/providers_controller.rb": [
        1,
        1,
        null,
        1,
        1,
        null,
        null,
        1,
        0,
        null,
        null,
        1,
        0,
        null,
        0,
        0,
        0,
        0,
        null,
        0,
        0,
        null,
        null,
        null,
        null,
        1,
        0,
        0,
        0,
        0,
        null,
        null,
        null,
        1,
        null,
        1,
        0,
        null,
        null
      ],
      "/home/ubuntu/workspace/project/allphonetoys_ror/app/models/timing.rb": [
        1,
        1,
        null
      ],
      "/home/ubuntu/workspace/project/allphonetoys_ror/app/mailers/application_mailer.rb": [
        0,
        0,
        0,
        0
      ],
      "/home/ubuntu/workspace/project/allphonetoys_ror/app/mailers/sms_mailer.rb": [
        0,
        0,
        0,
        0,
        0,
        0,
        0,
        0
      ],
      "/home/ubuntu/workspace/project/allphonetoys_ror/app/mailers/user_mailer.rb": [
        0,
        null,
        null,
        null,
        null,
        null,
        null,
        0,
        null,
        0,
        0,
        0,
        0
      ],
      "/home/ubuntu/workspace/project/allphonetoys_ror/app/models/pickup.rb": [
        0,
        null,
        0
      ],
      "/home/ubuntu/workspace/project/allphonetoys_ror/app/controllers/timings_controller.rb": [
        0,
        0,
        null,
        0,
        0,
        0,
        null,
        0,
        0,
        0,
        0,
        0,
        0,
        0,
        null,
        0,
        0,
        0,
        null,
        0,
        0,
        0,
        null,
        0,
        0,
        null,
        0,
        0,
        0,
        0,
        0,
        0,
        0,
        0,
        0,
        0,
        null,
        0,
        0,
        null,
        0,
        0,
        0,
        0,
        0,
        0,
        0,
        0,
        0,
        0,
        null,
        0,
        0,
        0,
        0,
        0,
        0,
        0,
        null,
        0,
        null,
        0,
        0,
        0,
        null,
        0,
        0,
        0,
        0,
        0,
        0,
        0,
        null,
        0
      ],
      "/home/ubuntu/workspace/project/allphonetoys_ror/app/controllers/password_resets_controller.rb": [
        0,
        0,
        0,
        0,
        0,
        0,
        0,
        0,
        0,
        0,
        0,
        null,
        0,
        0,
        0,
        0,
        0,
        0,
        0,
        0,
        0,
        0,
        0,
        0,
        0,
        0
      ],
      "/home/ubuntu/workspace/project/allphonetoys_ror/app/channels/application_cable/connection.rb": [
        0,
        0,
        0,
        0
      ],
      "/home/ubuntu/workspace/project/allphonetoys_ror/app/channels/application_cable/channel.rb": [
        0,
        0,
        0,
        0
      ],
      "/home/ubuntu/workspace/project/allphonetoys_ror/app/jobs/application_job.rb": [
        0,
        0
      ],
      "/home/ubuntu/workspace/project/allphonetoys_ror/lib/zombie.rb": [
        0,
        0,
        0,
        0,
        0,
        0,
        0,
        0,
        0,
        0,
        0
      ]
    },
    "timestamp": 1511755814
  },
  "RSpec": {
    "coverage": {
      "/home/ubuntu/workspace/project/allphonetoys_ror/app/helpers/admins_helper.rb": [
        1,
        null
      ],
      "/home/ubuntu/workspace/project/allphonetoys_ror/app/helpers/application_helper.rb": [
        1,
        1,
        322,
        null,
        1,
        22,
        0,
        22,
        0,
        22,
        1,
        null,
        null,
        null
      ],
      "/home/ubuntu/workspace/project/allphonetoys_ror/app/helpers/locations_helper.rb": [
        1,
        null
      ],
      "/home/ubuntu/workspace/project/allphonetoys_ror/app/helpers/password_resets_helper.rb": [
        1,
        null
      ],
      "/home/ubuntu/workspace/project/allphonetoys_ror/app/helpers/providers_helper.rb": [
        1,
        null
      ],
      "/home/ubuntu/workspace/project/allphonetoys_ror/app/helpers/sessions_helper.rb": [
        1,
        1,
        4,
        null,
        null,
        1,
        12,
        null,
        null,
        1,
        378,
        null,
        null,
        1,
        147,
        null,
        null,
        1,
        18,
        0,
        null,
        null,
        null,
        null,
        null,
        null,
        null,
        1,
        0,
        0,
        0,
        0,
        null,
        null
      ],
      "/home/ubuntu/workspace/project/allphonetoys_ror/app/helpers/transactions_helper.rb": [
        1,
        null
      ],
      "/home/ubuntu/workspace/project/allphonetoys_ror/app/helpers/users_helper.rb": [
        1,
        null
      ],
      "/home/ubuntu/workspace/project/allphonetoys_ror/app/controllers/admins_controller.rb": [
        1,
        1,
        1,
        null,
        null,
        null,
        1,
        11,
        null,
        null,
        null,
        null,
        1,
        null,
        null,
        1,
        null,
        null,
        null,
        1,
        11,
        null,
        null,
        null,
        1,
        null,
        null,
        null,
        null,
        1,
        11,
        null,
        11,
        11,
        22,
        11,
        null,
        0,
        0,
        null,
        null,
        null,
        null,
        null,
        null,
        1,
        0,
        0,
        0,
        0,
        null,
        0,
        0,
        null,
        null,
        null,
        null,
        null,
        null,
        1,
        0,
        0,
        0,
        0,
        null,
        null,
        null,
        1,
        null,
        1,
        11,
        null,
        null,
        null,
        1,
        11,
        null,
        null
      ],
      "/home/ubuntu/workspace/project/allphonetoys_ror/app/controllers/application_controller.rb": [
        1,
        1,
        1,
        1,
        1,
        1,
        null,
        1,
        15,
        null,
        null,
        1,
        5,
        null,
        null,
        1,
        160,
        160,
        11,
        null,
        160,
        160,
        160,
        160,
        null,
        null,
        1,
        0,
        0,
        0,
        null,
        null
      ],
      "/home/ubuntu/workspace/project/allphonetoys_ror/app/controllers/locations_controller.rb": [
        1,
        1,
        null,
        1,
        1,
        null,
        null,
        1,
        0,
        null,
        null,
        1,
        0,
        null,
        0,
        0,
        0,
        0,
        null,
        0,
        0,
        null,
        null,
        null,
        null,
        1,
        0,
        0,
        0,
        0,
        null,
        null,
        null,
        1,
        null,
        1,
        0,
        null,
        null
      ],
      "/home/ubuntu/workspace/project/allphonetoys_ror/app/controllers/password_resets_controller.rb": [
        1,
        1,
        null,
        1,
        0,
        0,
        0,
        null,
        1,
        0,
        null,
        null,
        1,
        0,
        0,
        0,
        0,
        0,
        null,
        0,
        null,
        null,
        1,
        0,
        null,
        null
      ],
      "/home/ubuntu/workspace/project/allphonetoys_ror/app/controllers/providers_controller.rb": [
        1,
        1,
        null,
        1,
        1,
        null,
        null,
        1,
        0,
        null,
        null,
        1,
        0,
        null,
        0,
        0,
        0,
        0,
        null,
        0,
        0,
        null,
        null,
        null,
        null,
        1,
        0,
        0,
        0,
        0,
        null,
        null,
        null,
        1,
        null,
        1,
        0,
        null,
        null
      ],
      "/home/ubuntu/workspace/project/allphonetoys_ror/lib/zombie.rb": [
        1,
        1,
        1,
        1,
        3,
        3,
        null,
        1,
        1,
        null,
        null
      ],
      "/home/ubuntu/workspace/project/allphonetoys_ror/app/mailers/user_mailer.rb": [
        1,
        null,
        null,
        null,
        null,
        null,
        null,
        1,
        null,
        0,
        0,
        null,
        null
      ],
      "/home/ubuntu/workspace/project/allphonetoys_ror/app/mailers/application_mailer.rb": [
        1,
        1,
        1,
        null
      ],
      "/home/ubuntu/workspace/project/allphonetoys_ror/app/models/timing.rb": [
        1,
        1,
        null
      ],
      "/home/ubuntu/workspace/project/allphonetoys_ror/app/models/application_record.rb": [
        1,
        1,
        null
      ],
      "/home/ubuntu/workspace/project/allphonetoys_ror/app/models/user.rb": [
        1,
        1,
        null,
        1,
        null,
        1,
        null,
        1,
        null,
        1,
        1,
        null,
        1,
        9,
        1,
        5,
        null,
        null,
        1,
        null,
        1,
        1,
        1,
        1,
        1,
        1,
        1,
        null,
        null,
        1,
        0,
        0,
        0,
        0,
        null,
        null,
        1,
        null,
        8,
        8,
        null,
        null,
        null
      ],
      "/home/ubuntu/workspace/project/allphonetoys_ror/app/models/provider.rb": [
        1,
        1,
        null
      ],
      "/home/ubuntu/workspace/project/allphonetoys_ror/app/models/location.rb": [
        1,
        1,
        null
      ],
      "/home/ubuntu/workspace/project/allphonetoys_ror/app/models/admin.rb": [
        1,
        1,
        12,
        null,
        null
      ],
      "/home/ubuntu/workspace/project/allphonetoys_ror/app/controllers/sessions_controller.rb": [
        1,
        1,
        40,
        0,
        0,
        40,
        1,
        null,
        null,
        null,
        1,
        18,
        null,
        18,
        18,
        null,
        18,
        12,
        12,
        6,
        4,
        0,
        null,
        4,
        null,
        4,
        4,
        null,
        2,
        2,
        null,
        null,
        null,
        1,
        4,
        4,
        4,
        4,
        null,
        null
      ],
      "/home/ubuntu/workspace/project/allphonetoys_ror/app/controllers/users_controller.rb": [
        1,
        1,
        1,
        1,
        null,
        null,
        null,
        1,
        null,
        null,
        1,
        null,
        null,
        null,
        null,
        null,
        1,
        null,
        null,
        null,
        1,
        8,
        null,
        null,
        null,
        1,
        1,
        null,
        null,
        null,
        null,
        1,
        8,
        null,
        8,
        8,
        16,
        8,
        null,
        0,
        0,
        null,
        null,
        null,
        null,
        null,
        null,
        1,
        1,
        1,
        2,
        1,
        null,
        0,
        0,
        null,
        null,
        null,
        null,
        null,
        null,
        1,
        0,
        0,
        0,
        0,
        null,
        null,
        null,
        1,
        null,
        1,
        7,
        null,
        null,
        null,
        1,
        9,
        null,
        null
      ],
      "/home/ubuntu/workspace/project/allphonetoys_ror/app/controllers/transactions_controller.rb": [
        1,
        1,
        1,
        null,
        null,
        null,
        1,
        1,
        0,
        null,
        1,
        null,
        0,
        null,
        null,
        1,
        null,
        null,
        1,
        1,
        1,
        1,
        null,
        null,
        1,
        1,
        1,
        null,
        null,
        null,
        null,
        1,
        null,
        null,
        null,
        1,
        1,
        1,
        1,
        1,
        1,
        0,
        0,
        null,
        1,
        10,
        null,
        null,
        null,
        null,
        1,
        null,
        null,
        null,
        null,
        1,
        1,
        1,
        1,
        null,
        null,
        1,
        1,
        2,
        1,
        null,
        0,
        0,
        null,
        null,
        null,
        null,
        null,
        null,
        1,
        0,
        0,
        0,
        0,
        null,
        0,
        0,
        null,
        null,
        null,
        null,
        null,
        null,
        1,
        0,
        0,
        0,
        0,
        null,
        null,
        null,
        1,
        0,
        null,
        0,
        0,
        0,
        0,
        0,
        0,
        null,
        0,
        0,
        null,
        null,
        1,
        0,
        0,
        0,
        0,
        0,
        null,
        0,
        0,
        null,
        null,
        1,
        null,
        1,
        1,
        null,
        null,
        null,
        1,
        1,
        null,
        null
      ],
      "/home/ubuntu/workspace/project/allphonetoys_ror/app/models/transaction.rb": [
        1,
        1,
        null,
        1,
        1,
        null,
        null,
        2,
        2,
        null,
        null,
        1,
        null,
        1,
        1,
        1,
        1,
        1,
        null,
        null,
        null,
        null,
        null,
        null
      ],
      "/home/ubuntu/workspace/project/allphonetoys_ror/app/mailers/sms_mailer.rb": [
        0,
        0,
        0,
        0,
        0,
        0,
        0,
        0
      ],
      "/home/ubuntu/workspace/project/allphonetoys_ror/app/models/pickup.rb": [
        0,
        null,
        0
      ],
      "/home/ubuntu/workspace/project/allphonetoys_ror/app/controllers/timings_controller.rb": [
        0,
        0,
        null,
        0,
        0,
        0,
        null,
        0,
        0,
        0,
        0,
        0,
        0,
        0,
        null,
        0,
        0,
        0,
        null,
        0,
        0,
        0,
        null,
        0,
        0,
        null,
        0,
        0,
        0,
        0,
        0,
        0,
        0,
        0,
        0,
        0,
        null,
        0,
        0,
        null,
        0,
        0,
        0,
        0,
        0,
        0,
        0,
        0,
        0,
        0,
        null,
        0,
        0,
        0,
        0,
        0,
        0,
        0,
        null,
        0,
        null,
        0,
        0,
        0,
        null,
        0,
        0,
        0,
        0,
        0,
        0,
        0,
        null,
        0
      ],
      "/home/ubuntu/workspace/project/allphonetoys_ror/app/channels/application_cable/connection.rb": [
        0,
        0,
        0,
        0
      ],
      "/home/ubuntu/workspace/project/allphonetoys_ror/app/channels/application_cable/channel.rb": [
        0,
        0,
        0,
        0
      ],
      "/home/ubuntu/workspace/project/allphonetoys_ror/app/jobs/application_job.rb": [
        0,
        0
      ]
    },
    "timestamp": 1511755787
  },
  "Unit Tests": {
    "coverage": {
      "/home/ubuntu/workspace/project/allphonetoys_ror/app/controllers/application_controller.rb": [
        1,
        1,
        1,
        1,
        1,
        1,
        null,
        1,
        0,
        null,
        null,
        1,
        0,
        null,
        null,
        1,
        0,
        0,
        0,
        null,
        0,
        0,
        0,
        0,
        null,
        null,
        1,
        0,
        0,
        0,
        null,
        null
      ],
      "/home/ubuntu/workspace/project/allphonetoys_ror/app/helpers/application_helper.rb": [
        1,
        1,
        0,
        null,
        1,
        0,
        0,
        0,
        0,
        0,
        0,
        null,
        null,
        null
      ],
      "/home/ubuntu/workspace/project/allphonetoys_ror/app/helpers/admins_helper.rb": [
        1,
        null
      ],
      "/home/ubuntu/workspace/project/allphonetoys_ror/app/helpers/locations_helper.rb": [
        1,
        null
      ],
      "/home/ubuntu/workspace/project/allphonetoys_ror/app/helpers/password_resets_helper.rb": [
        1,
        null
      ],
      "/home/ubuntu/workspace/project/allphonetoys_ror/app/helpers/providers_helper.rb": [
        1,
        null
      ],
      "/home/ubuntu/workspace/project/allphonetoys_ror/app/helpers/sessions_helper.rb": [
        1,
        1,
        0,
        null,
        null,
        1,
        0,
        null,
        null,
        1,
        0,
        null,
        null,
        1,
        0,
        null,
        null,
        1,
        0,
        0,
        null,
        null,
        null,
        null,
        null,
        null,
        null,
        1,
        0,
        0,
        0,
        0,
        null,
        null
      ],
      "/home/ubuntu/workspace/project/allphonetoys_ror/app/helpers/transactions_helper.rb": [
        1,
        null
      ],
      "/home/ubuntu/workspace/project/allphonetoys_ror/app/helpers/users_helper.rb": [
        1,
        null
      ],
      "/home/ubuntu/workspace/project/allphonetoys_ror/app/channels/application_cable/channel.rb": [
        1,
        1,
        null,
        null
      ],
      "/home/ubuntu/workspace/project/allphonetoys_ror/app/channels/application_cable/connection.rb": [
        1,
        1,
        null,
        null
      ],
      "/home/ubuntu/workspace/project/allphonetoys_ror/app/controllers/admins_controller.rb": [
        1,
        1,
        1,
        null,
        null,
        null,
        1,
        0,
        null,
        null,
        null,
        null,
        1,
        null,
        null,
        1,
        null,
        null,
        null,
        1,
        0,
        null,
        null,
        null,
        1,
        null,
        null,
        null,
        null,
        1,
        0,
        null,
        0,
        0,
        0,
        0,
        null,
        0,
        0,
        null,
        null,
        null,
        null,
        null,
        null,
        1,
        0,
        0,
        0,
        0,
        null,
        0,
        0,
        null,
        null,
        null,
        null,
        null,
        null,
        1,
        0,
        0,
        0,
        0,
        null,
        null,
        null,
        1,
        null,
        1,
        0,
        null,
        null,
        null,
        1,
        0,
        null,
        null
      ],
      "/home/ubuntu/workspace/project/allphonetoys_ror/app/controllers/locations_controller.rb": [
        1,
        1,
        null,
        1,
        0,
        null,
        null,
        1,
        0,
        null,
        null,
        1,
        0,
        null,
        0,
        0,
        0,
        0,
        null,
        0,
        0,
        null,
        null,
        null,
        null,
        1,
        0,
        0,
        0,
        0,
        null,
        null,
        null,
        1,
        null,
        1,
        0,
        null,
        null
      ],
      "/home/ubuntu/workspace/project/allphonetoys_ror/app/controllers/password_resets_controller.rb": [
        1,
        1,
        null,
        1,
        0,
        0,
        0,
        null,
        1,
        0,
        null,
        null,
        1,
        0,
        0,
        0,
        0,
        0,
        null,
        0,
        null,
        null,
        1,
        0,
        null,
        null
      ],
      "/home/ubuntu/workspace/project/allphonetoys_ror/app/controllers/providers_controller.rb": [
        1,
        1,
        null,
        1,
        0,
        null,
        null,
        1,
        0,
        null,
        null,
        1,
        0,
        null,
        0,
        0,
        0,
        0,
        null,
        0,
        0,
        null,
        null,
        null,
        null,
        1,
        0,
        0,
        0,
        0,
        null,
        null,
        null,
        1,
        null,
        1,
        0,
        null,
        null
      ],
      "/home/ubuntu/workspace/project/allphonetoys_ror/app/controllers/sessions_controller.rb": [
        1,
        1,
        0,
        0,
        0,
        0,
        0,
        null,
        null,
        null,
        1,
        0,
        null,
        0,
        0,
        null,
        0,
        0,
        0,
        0,
        0,
        0,
        null,
        0,
        null,
        0,
        0,
        null,
        0,
        0,
        null,
        null,
        null,
        1,
        0,
        0,
        0,
        0,
        null,
        null
      ],
      "/home/ubuntu/workspace/project/allphonetoys_ror/app/controllers/timings_controller.rb": [
        1,
        1,
        null,
        1,
        0,
        null,
        null,
        1,
        0,
        0,
        0,
        null,
        0,
        null,
        null,
        1,
        0,
        null,
        null,
        1,
        0,
        null,
        null,
        1,
        0,
        null,
        0,
        0,
        0,
        0,
        null,
        0,
        0,
        null,
        null,
        null,
        null,
        1,
        0,
        null,
        0,
        0,
        0,
        0,
        null,
        0,
        0,
        null,
        null,
        null,
        null,
        1,
        0,
        0,
        0,
        0,
        null,
        null,
        null,
        1,
        null,
        1,
        0,
        null,
        null,
        1,
        0,
        0,
        0,
        0,
        0,
        null,
        null,
        null
      ],
      "/home/ubuntu/workspace/project/allphonetoys_ror/app/controllers/transactions_controller.rb": [
        1,
        1,
        1,
        null,
        null,
        null,
        1,
        0,
        0,
        null,
        0,
        null,
        0,
        null,
        null,
        0,
        null,
        null,
        1,
        0,
        0,
        0,
        null,
        null,
        1,
        0,
        0,
        null,
        null,
        null,
        null,
        1,
        null,
        null,
        null,
        1,
        0,
        0,
        0,
        0,
        0,
        0,
        0,
        null,
        0,
        0,
        null,
        null,
        null,
        null,
        1,
        null,
        null,
        null,
        null,
        1,
        0,
        0,
        0,
        null,
        null,
        0,
        0,
        0,
        0,
        null,
        0,
        0,
        null,
        null,
        null,
        null,
        null,
        null,
        1,
        0,
        0,
        0,
        0,
        null,
        0,
        0,
        null,
        null,
        null,
        null,
        null,
        null,
        1,
        0,
        0,
        0,
        0,
        null,
        null,
        null,
        1,
        0,
        null,
        0,
        0,
        0,
        0,
        0,
        0,
        null,
        0,
        0,
        null,
        null,
        1,
        0,
        0,
        0,
        0,
        0,
        null,
        0,
        0,
        null,
        null,
        1,
        null,
        1,
        0,
        null,
        null,
        null,
        1,
        0,
        null,
        null
      ],
      "/home/ubuntu/workspace/project/allphonetoys_ror/app/controllers/users_controller.rb": [
        1,
        1,
        1,
        1,
        null,
        null,
        null,
        1,
        null,
        null,
        0,
        null,
        null,
        null,
        null,
        null,
        1,
        null,
        null,
        null,
        1,
        0,
        null,
        null,
        null,
        1,
        0,
        null,
        null,
        null,
        null,
        1,
        0,
        null,
        0,
        0,
        0,
        0,
        null,
        0,
        0,
        null,
        null,
        null,
        null,
        null,
        null,
        1,
        0,
        0,
        0,
        0,
        null,
        0,
        0,
        null,
        null,
        null,
        null,
        null,
        null,
        1,
        0,
        0,
        0,
        0,
        null,
        null,
        null,
        1,
        null,
        1,
        0,
        null,
        null,
        null,
        1,
        0,
        null,
        null
      ],
      "/home/ubuntu/workspace/project/allphonetoys_ror/app/jobs/application_job.rb": [
        1,
        null
      ],
      "/home/ubuntu/workspace/project/allphonetoys_ror/app/mailers/application_mailer.rb": [
        1,
        1,
        1,
        null
      ],
      "/home/ubuntu/workspace/project/allphonetoys_ror/app/mailers/sms_mailer.rb": [
        1,
        1,
        0,
        0,
        0,
        null,
        null,
        null
      ],
      "/home/ubuntu/workspace/project/allphonetoys_ror/app/mailers/user_mailer.rb": [
        1,
        null,
        null,
        null,
        null,
        null,
        null,
        1,
        null,
        0,
        0,
        null,
        null
      ],
      "/home/ubuntu/workspace/project/allphonetoys_ror/app/models/admin.rb": [
        1,
        1,
        0,
        null,
        null
      ],
      "/home/ubuntu/workspace/project/allphonetoys_ror/app/models/application_record.rb": [
        1,
        1,
        null
      ],
      "/home/ubuntu/workspace/project/allphonetoys_ror/app/models/location.rb": [
        1,
        1,
        null
      ],
      "/home/ubuntu/workspace/project/allphonetoys_ror/app/models/pickup.rb": [
        1,
        null,
        null
      ],
      "/home/ubuntu/workspace/project/allphonetoys_ror/app/models/provider.rb": [
        1,
        1,
        null
      ],
      "/home/ubuntu/workspace/project/allphonetoys_ror/app/models/timing.rb": [
        1,
        1,
        null
      ],
      "/home/ubuntu/workspace/project/allphonetoys_ror/app/models/transaction.rb": [
        1,
        1,
        null,
        1,
        1,
        null,
        null,
        1,
        1,
        null,
        null,
        1,
        null,
        0,
        0,
        0,
        0,
        0,
        null,
        null,
        null,
        null,
        null,
        null
      ],
      "/home/ubuntu/workspace/project/allphonetoys_ror/app/models/user.rb": [
        1,
        1,
        null,
        1,
        null,
        1,
        null,
        1,
        null,
        1,
        1,
        null,
        1,
        1,
        1,
        0,
        null,
        null,
        1,
        null,
        0,
        0,
        0,
        0,
        0,
        0,
        0,
        null,
        null,
        1,
        0,
        0,
        0,
        0,
        null,
        null,
        1,
        null,
        0,
        0,
        null,
        null,
        null
      ],
      "/home/ubuntu/workspace/project/allphonetoys_ror/lib/zombie.rb": [
        0,
        0,
        0,
        0,
        0,
        0,
        0,
        0,
        0,
        0,
        0
      ]
    },
    "timestamp": 1511747530
  }
}
