{
  "Cucumber Features": {
    "coverage": {
      "/home/ubuntu/workspace/project/allphonetoys_ror/app/controllers/admins_controller.rb": [
        1,
        1,
        1,
        null,
        null,
        null,
        1,
        24,
        null,
        null,
        null,
        null,
        1,
        null,
        null,
        1,
        null,
        null,
        null,
        1,
        20,
        null,
        null,
        null,
        1,
        null,
        null,
        null,
        null,
        1,
        20,
        null,
        20,
        20,
        40,
        20,
        null,
        null,
        null,
        null,
        null,
        null,
        null,
        null,
        null,
        null,
        1,
        1,
        1,
        2,
        1,
        null,
        null,
        null,
        null,
        null,
        null,
        null,
        null,
        null,
        null,
        1,
        1,
        1,
        2,
        1,
        null,
        null,
        null,
        1,
        null,
        1,
        25,
        null,
        null,
        null,
        1,
        21,
        null,
        null
      ],
      "/home/ubuntu/workspace/project/allphonetoys_ror/app/controllers/application_controller.rb": [
        1,
        1,
        1,
        1,
        1,
        1,
        null,
        1,
        10,
        null,
        null,
        1,
        62,
        null,
        null,
        1,
        353,
        353,
        20,
        null,
        353,
        353,
        353,
        353,
        null,
        null,
        1,
        8,
        8,
        8,
        null,
        null
      ],
      "/home/ubuntu/workspace/project/allphonetoys_ror/app/helpers/application_helper.rb": [
        1,
        1,
        1026,
        null,
        1,
        118,
        0,
        118,
        0,
        118,
        1,
        null,
        null,
        null
      ],
      "/home/ubuntu/workspace/project/allphonetoys_ror/app/helpers/admins_helper.rb": [
        1,
        null
      ],
      "/home/ubuntu/workspace/project/allphonetoys_ror/app/helpers/locations_helper.rb": [
        1,
        null
      ],
      "/home/ubuntu/workspace/project/allphonetoys_ror/app/helpers/password_resets_helper.rb": [
        1,
        null
      ],
      "/home/ubuntu/workspace/project/allphonetoys_ror/app/helpers/providers_helper.rb": [
        1,
        null
      ],
      "/home/ubuntu/workspace/project/allphonetoys_ror/app/helpers/sessions_helper.rb": [
        1,
        1,
        6,
        null,
        null,
        1,
        18,
        null,
        null,
        1,
        819,
        null,
        null,
        1,
        365,
        null,
        null,
        1,
        82,
        0,
        null,
        null,
        null,
        null,
        null,
        null,
        null,
        1,
        0,
        0,
        0,
        0,
        null,
        null
      ],
      "/home/ubuntu/workspace/project/allphonetoys_ror/app/helpers/transactions_helper.rb": [
        1,
        null
      ],
      "/home/ubuntu/workspace/project/allphonetoys_ror/app/helpers/users_helper.rb": [
        1,
        null
      ],
      "/home/ubuntu/workspace/project/allphonetoys_ror/app/models/user.rb": [
        1,
        1,
        null,
        1,
        null,
        1,
        null,
        1,
        null,
        1,
        1,
        null,
        1,
        null,
        1,
        7,
        1,
        7,
        null,
        null,
        1,
        null,
        1,
        1,
        1,
        1,
        1,
        1,
        1,
        null,
        null,
        1,
        0,
        0,
        0,
        0,
        null,
        null,
        1,
        null,
        6,
        6,
        null,
        null,
        null
      ],
      "/home/ubuntu/workspace/project/allphonetoys_ror/app/models/application_record.rb": [
        1,
        1,
        null
      ],
      "/home/ubuntu/workspace/project/allphonetoys_ror/app/models/provider.rb": [
        1,
        1,
        1,
        null
      ],
      "/home/ubuntu/workspace/project/allphonetoys_ror/app/models/location.rb": [
        1,
        1,
        1,
        null
      ],
      "/home/ubuntu/workspace/project/allphonetoys_ror/app/models/admin.rb": [
        1,
        1,
        18,
        null,
        null
      ],
      "/home/ubuntu/workspace/project/allphonetoys_ror/app/controllers/sessions_controller.rb": [
        1,
        1,
        50,
        0,
        0,
        50,
        1,
        null,
        null,
        null,
        1,
        26,
        null,
        26,
        26,
        null,
        26,
        18,
        18,
        8,
        6,
        1,
        null,
        5,
        null,
        6,
        6,
        null,
        2,
        2,
        null,
        null,
        null,
        1,
        10,
        10,
        10,
        10,
        null,
        null
      ],
      "/home/ubuntu/workspace/project/allphonetoys_ror/app/controllers/users_controller.rb": [
        1,
        1,
        1,
        1,
        null,
        null,
        null,
        1,
        null,
        null,
        1,
        null,
        null,
        null,
        null,
        null,
        1,
        null,
        null,
        null,
        1,
        7,
        null,
        null,
        null,
        1,
        2,
        null,
        null,
        null,
        null,
        1,
        7,
        null,
        7,
        7,
        12,
        6,
        null,
        2,
        1,
        null,
        null,
        null,
        null,
        null,
        null,
        1,
        2,
        2,
        2,
        1,
        null,
        2,
        1,
        null,
        null,
        null,
        null,
        null,
        null,
        null,
        null,
        null,
        null,
        null,
        null,
        null,
        null,
        null,
        1,
        null,
        1,
        4,
        null,
        null,
        null,
        1,
        9,
        null,
        null
      ],
      "/home/ubuntu/workspace/project/allphonetoys_ror/app/controllers/transactions_controller.rb": [
        1,
        1,
        1,
        null,
        null,
        null,
        1,
        4,
        3,
        null,
        1,
        null,
        0,
        null,
        null,
        4,
        null,
        null,
        1,
        1,
        1,
        1,
        null,
        null,
        1,
        1,
        1,
        null,
        null,
        null,
        null,
        1,
        null,
        null,
        null,
        1,
        7,
        7,
        7,
        7,
        7,
        4,
        4,
        null,
        7,
        70,
        null,
        null,
        null,
        null,
        1,
        null,
        null,
        null,
        null,
        1,
        3,
        3,
        3,
        null,
        3,
        3,
        3,
        3,
        3,
        3,
        null,
        3,
        30,
        null,
        null,
        3,
        3,
        2,
        1,
        null,
        4,
        2,
        null,
        null,
        null,
        null,
        null,
        null,
        1,
        0,
        0,
        0,
        0,
        null,
        0,
        0,
        null,
        null,
        null,
        null,
        null,
        null,
        1,
        0,
        0,
        0,
        0,
        null,
        null,
        null,
        1,
        0,
        null,
        0,
        0,
        0,
        0,
        0,
        0,
        null,
        0,
        0,
        null,
        null,
        1,
        0,
        0,
        0,
        0,
        0,
        null,
        0,
        0,
        null,
        null,
        1,
        null,
        1,
        0,
        null,
        null,
        null,
        1,
        3,
        null,
        null
      ],
      "/home/ubuntu/workspace/project/allphonetoys_ror/app/models/transaction.rb": [
        1,
        1,
        null,
        1,
        1,
        null,
        1,
        null,
        2,
        2,
        null,
        null,
        1,
        null,
        4,
        4,
        4,
        4,
        4,
        null,
        null,
        null,
        null,
        null,
        null
      ],
      "/home/ubuntu/workspace/project/allphonetoys_ror/app/controllers/timings_controller.rb": [
        1,
        1,
        null,
        1,
        9,
        null,
        null,
        1,
        1,
        1,
        1,
        null,
        1,
        null,
        null,
        1,
        4,
        null,
        null,
        1,
        1,
        null,
        null,
        1,
        16,
        null,
        16,
        16,
        8,
        4,
        null,
        24,
        12,
        null,
        null,
        null,
        null,
        1,
        1,
        null,
        1,
        1,
        2,
        1,
        null,
        0,
        0,
        null,
        null,
        null,
        null,
        1,
        0,
        0,
        0,
        0,
        null,
        null,
        null,
        1,
        null,
        1,
        17,
        null,
        null,
        1,
        0,
        0,
        0,
        0,
        0,
        null,
        null,
        null
      ],
      "/home/ubuntu/workspace/project/allphonetoys_ror/app/models/timing.rb": [
        1,
        1,
        1,
        null
      ],
      "/home/ubuntu/workspace/project/allphonetoys_ror/app/controllers/locations_controller.rb": [
        1,
        1,
        null,
        1,
        16,
        null,
        null,
        1,
        8,
        null,
        null,
        1,
        24,
        null,
        24,
        24,
        16,
        8,
        null,
        32,
        16,
        null,
        null,
        null,
        null,
        1,
        0,
        0,
        0,
        0,
        null,
        null,
        null,
        1,
        null,
        1,
        24,
        null,
        null
      ],
      "/home/ubuntu/workspace/project/allphonetoys_ror/app/controllers/providers_controller.rb": [
        1,
        1,
        null,
        1,
        14,
        null,
        null,
        1,
        7,
        null,
        null,
        1,
        14,
        null,
        14,
        14,
        14,
        7,
        null,
        14,
        7,
        null,
        null,
        null,
        null,
        1,
        0,
        0,
        0,
        0,
        null,
        null,
        null,
        1,
        null,
        1,
        14,
        null,
        null
      ],
      "/home/ubuntu/workspace/project/allphonetoys_ror/app/controllers/password_resets_controller.rb": [
        1,
        1,
        null,
        1,
        1,
        1,
        1,
        null,
        1,
        0,
        null,
        null,
        1,
        0,
        0,
        0,
        0,
        0,
        null,
        0,
        null,
        null,
        1,
        0,
        null,
        null
      ],
      "/home/ubuntu/workspace/project/allphonetoys_ror/app/mailers/application_mailer.rb": [
        0,
        0,
        0,
        0
      ],
      "/home/ubuntu/workspace/project/allphonetoys_ror/app/mailers/sms_mailer.rb": [
        0,
        0,
        0,
        0,
        0,
        0,
        0,
        0
      ],
      "/home/ubuntu/workspace/project/allphonetoys_ror/app/mailers/user_mailer.rb": [
        0,
        null,
        null,
        null,
        null,
        null,
        null,
        0,
        null,
        0,
        0,
        0,
        0
      ],
      "/home/ubuntu/workspace/project/allphonetoys_ror/app/models/pickup.rb": [
        0,
        null,
        0
      ],
      "/home/ubuntu/workspace/project/allphonetoys_ror/app/channels/application_cable/connection.rb": [
        0,
        0,
        0,
        0
      ],
      "/home/ubuntu/workspace/project/allphonetoys_ror/app/channels/application_cable/channel.rb": [
        0,
        0,
        0,
        0
      ],
      "/home/ubuntu/workspace/project/allphonetoys_ror/app/jobs/application_job.rb": [
        0,
        0
      ],
      "/home/ubuntu/workspace/project/allphonetoys_ror/lib/zombie.rb": [
        0,
        0,
        0,
        0,
        0,
        0,
        0,
        0,
        0,
        0,
        0
      ]
    },
    "timestamp": 1512426954
  },
  "RSpec": {
    "coverage": {
      "/home/ubuntu/workspace/project/allphonetoys_ror/app/helpers/admins_helper.rb": [
        1,
        null
      ],
      "/home/ubuntu/workspace/project/allphonetoys_ror/app/helpers/application_helper.rb": [
        1,
        1,
        1166,
        null,
        1,
        147,
        0,
        147,
        0,
        147,
        1,
        null,
        null,
        null
      ],
      "/home/ubuntu/workspace/project/allphonetoys_ror/app/helpers/locations_helper.rb": [
        1,
        null
      ],
      "/home/ubuntu/workspace/project/allphonetoys_ror/app/helpers/password_resets_helper.rb": [
        1,
        null
      ],
      "/home/ubuntu/workspace/project/allphonetoys_ror/app/helpers/providers_helper.rb": [
        1,
        null
      ],
      "/home/ubuntu/workspace/project/allphonetoys_ror/app/helpers/sessions_helper.rb": [
        1,
        1,
        4,
        null,
        null,
        1,
        27,
        null,
        null,
        1,
        888,
        null,
        null,
        1,
        415,
        null,
        null,
        1,
        103,
        0,
        null,
        null,
        null,
        null,
        null,
        null,
        null,
        1,
        0,
        0,
        0,
        0,
        null,
        null
      ],
      "/home/ubuntu/workspace/project/allphonetoys_ror/app/helpers/transactions_helper.rb": [
        1,
        null
      ],
      "/home/ubuntu/workspace/project/allphonetoys_ror/app/helpers/users_helper.rb": [
        1,
        null
      ],
      "/home/ubuntu/workspace/project/allphonetoys_ror/app/controllers/admins_controller.rb": [
        1,
        1,
        1,
        null,
        null,
        null,
        1,
        19,
        null,
        null,
        null,
        null,
        1,
        null,
        null,
        1,
        null,
        null,
        null,
        1,
        19,
        null,
        null,
        null,
        1,
        null,
        null,
        null,
        null,
        1,
        19,
        null,
        19,
        19,
        38,
        19,
        null,
        null,
        null,
        null,
        null,
        null,
        null,
        null,
        null,
        null,
        1,
        0,
        0,
        0,
        0,
        null,
        null,
        null,
        null,
        null,
        null,
        null,
        null,
        null,
        null,
        1,
        0,
        0,
        0,
        0,
        null,
        null,
        null,
        1,
        null,
        1,
        19,
        null,
        null,
        null,
        1,
        19,
        null,
        null
      ],
      "/home/ubuntu/workspace/project/allphonetoys_ror/app/controllers/application_controller.rb": [
        1,
        1,
        1,
        1,
        1,
        1,
        null,
        1,
        11,
        null,
        null,
        1,
        75,
        null,
        null,
        1,
        393,
        393,
        11,
        null,
        393,
        393,
        393,
        393,
        null,
        null,
        1,
        6,
        6,
        6,
        null,
        null
      ],
      "/home/ubuntu/workspace/project/allphonetoys_ror/app/controllers/locations_controller.rb": [
        1,
        1,
        null,
        1,
        16,
        null,
        null,
        1,
        8,
        null,
        null,
        1,
        16,
        null,
        16,
        16,
        16,
        8,
        null,
        16,
        8,
        null,
        null,
        null,
        null,
        1,
        0,
        0,
        0,
        0,
        null,
        null,
        null,
        1,
        null,
        1,
        16,
        null,
        null
      ],
      "/home/ubuntu/workspace/project/allphonetoys_ror/app/controllers/password_resets_controller.rb": [
        1,
        1,
        null,
        1,
        0,
        0,
        0,
        null,
        1,
        0,
        null,
        null,
        1,
        0,
        0,
        0,
        0,
        0,
        null,
        0,
        null,
        null,
        1,
        0,
        null,
        null
      ],
      "/home/ubuntu/workspace/project/allphonetoys_ror/app/controllers/providers_controller.rb": [
        1,
        1,
        null,
        1,
        16,
        null,
        null,
        1,
        8,
        null,
        null,
        1,
        16,
        null,
        16,
        16,
        16,
        8,
        null,
        16,
        8,
        null,
        null,
        null,
        null,
        1,
        0,
        0,
        0,
        0,
        null,
        null,
        null,
        1,
        null,
        1,
        16,
        null,
        null
      ],
      "/home/ubuntu/workspace/project/allphonetoys_ror/lib/zombie.rb": [
        1,
        1,
        1,
        1,
        3,
        3,
        null,
        1,
        1,
        null,
        null
      ],
      "/home/ubuntu/workspace/project/allphonetoys_ror/app/models/timing.rb": [
        1,
        1,
        1,
        null
      ],
      "/home/ubuntu/workspace/project/allphonetoys_ror/app/models/application_record.rb": [
        1,
        1,
        null
      ],
      "/home/ubuntu/workspace/project/allphonetoys_ror/app/models/user.rb": [
        1,
        1,
        null,
        1,
        null,
        1,
        null,
        1,
        null,
        1,
        1,
        null,
        1,
        null,
        1,
        9,
        1,
        5,
        null,
        null,
        1,
        null,
        1,
        1,
        1,
        1,
        1,
        1,
        1,
        null,
        null,
        1,
        0,
        0,
        0,
        0,
        null,
        null,
        1,
        null,
        8,
        8,
        null,
        null,
        null
      ],
      "/home/ubuntu/workspace/project/allphonetoys_ror/app/models/provider.rb": [
        1,
        1,
        1,
        null
      ],
      "/home/ubuntu/workspace/project/allphonetoys_ror/app/models/location.rb": [
        1,
        1,
        1,
        null
      ],
      "/home/ubuntu/workspace/project/allphonetoys_ror/app/models/admin.rb": [
        1,
        1,
        27,
        null,
        null
      ],
      "/home/ubuntu/workspace/project/allphonetoys_ror/app/controllers/sessions_controller.rb": [
        1,
        1,
        63,
        0,
        0,
        63,
        1,
        null,
        null,
        null,
        1,
        33,
        null,
        33,
        33,
        null,
        33,
        27,
        27,
        6,
        4,
        0,
        null,
        4,
        null,
        4,
        4,
        null,
        2,
        2,
        null,
        null,
        null,
        1,
        18,
        18,
        18,
        18,
        null,
        null
      ],
      "/home/ubuntu/workspace/project/allphonetoys_ror/app/controllers/users_controller.rb": [
        1,
        1,
        1,
        1,
        null,
        null,
        null,
        1,
        null,
        null,
        1,
        null,
        null,
        null,
        null,
        null,
        1,
        null,
        null,
        null,
        1,
        8,
        null,
        null,
        null,
        1,
        2,
        null,
        null,
        null,
        null,
        1,
        8,
        null,
        8,
        8,
        16,
        8,
        null,
        0,
        0,
        null,
        null,
        null,
        null,
        null,
        null,
        1,
        1,
        1,
        2,
        1,
        null,
        0,
        0,
        null,
        null,
        null,
        null,
        null,
        null,
        null,
        null,
        null,
        null,
        null,
        null,
        null,
        null,
        null,
        1,
        null,
        1,
        3,
        null,
        null,
        null,
        1,
        9,
        null,
        null
      ],
      "/home/ubuntu/workspace/project/allphonetoys_ror/app/controllers/transactions_controller.rb": [
        1,
        1,
        1,
        null,
        null,
        null,
        1,
        2,
        1,
        null,
        1,
        null,
        0,
        null,
        null,
        2,
        null,
        null,
        1,
        1,
        1,
        1,
        null,
        null,
        1,
        1,
        1,
        null,
        null,
        null,
        null,
        1,
        null,
        null,
        null,
        1,
        5,
        5,
        5,
        5,
        5,
        5,
        5,
        null,
        5,
        50,
        null,
        null,
        null,
        null,
        1,
        null,
        null,
        null,
        null,
        1,
        1,
        1,
        1,
        null,
        1,
        1,
        1,
        1,
        1,
        1,
        null,
        1,
        10,
        null,
        null,
        1,
        1,
        2,
        1,
        null,
        0,
        0,
        null,
        null,
        null,
        null,
        null,
        null,
        1,
        0,
        0,
        0,
        0,
        null,
        0,
        0,
        null,
        null,
        null,
        null,
        null,
        null,
        1,
        0,
        0,
        0,
        0,
        null,
        null,
        null,
        1,
        0,
        null,
        0,
        0,
        0,
        0,
        0,
        0,
        null,
        0,
        0,
        null,
        null,
        1,
        0,
        0,
        0,
        0,
        0,
        null,
        0,
        0,
        null,
        null,
        1,
        null,
        1,
        0,
        null,
        null,
        null,
        1,
        1,
        null,
        null
      ],
      "/home/ubuntu/workspace/project/allphonetoys_ror/app/models/transaction.rb": [
        1,
        1,
        null,
        1,
        1,
        null,
        1,
        null,
        2,
        2,
        null,
        null,
        1,
        null,
        2,
        2,
        2,
        2,
        2,
        null,
        null,
        null,
        null,
        null,
        null
      ],
      "/home/ubuntu/workspace/project/allphonetoys_ror/app/controllers/timings_controller.rb": [
        1,
        1,
        null,
        1,
        16,
        null,
        null,
        1,
        0,
        0,
        0,
        null,
        0,
        null,
        null,
        1,
        8,
        null,
        null,
        1,
        0,
        null,
        null,
        1,
        32,
        null,
        32,
        32,
        16,
        8,
        null,
        48,
        24,
        null,
        null,
        null,
        null,
        1,
        0,
        null,
        0,
        0,
        0,
        0,
        null,
        0,
        0,
        null,
        null,
        null,
        null,
        1,
        0,
        0,
        0,
        0,
        null,
        null,
        null,
        1,
        null,
        1,
        32,
        null,
        null,
        1,
        0,
        0,
        0,
        0,
        0,
        null,
        null,
        null
      ],
      "/home/ubuntu/workspace/project/allphonetoys_ror/app/mailers/application_mailer.rb": [
        0,
        0,
        0,
        0
      ],
      "/home/ubuntu/workspace/project/allphonetoys_ror/app/mailers/sms_mailer.rb": [
        0,
        0,
        0,
        0,
        0,
        0,
        0,
        0
      ],
      "/home/ubuntu/workspace/project/allphonetoys_ror/app/mailers/user_mailer.rb": [
        0,
        null,
        null,
        null,
        null,
        null,
        null,
        0,
        null,
        0,
        0,
        0,
        0
      ],
      "/home/ubuntu/workspace/project/allphonetoys_ror/app/models/pickup.rb": [
        0,
        null,
        0
      ],
      "/home/ubuntu/workspace/project/allphonetoys_ror/app/channels/application_cable/connection.rb": [
        0,
        0,
        0,
        0
      ],
      "/home/ubuntu/workspace/project/allphonetoys_ror/app/channels/application_cable/channel.rb": [
        0,
        0,
        0,
        0
      ],
      "/home/ubuntu/workspace/project/allphonetoys_ror/app/jobs/application_job.rb": [
        0,
        0
      ]
    },
    "timestamp": 1512426943
  },
  "Unit Tests": {
    "coverage": {
      "/home/ubuntu/workspace/project/allphonetoys_ror/app/controllers/application_controller.rb": [
        1,
        1,
        1,
        1,
        1,
        1,
        null,
        1,
        0,
        null,
        null,
        1,
        0,
        null,
        null,
        1,
        0,
        0,
        0,
        null,
        0,
        0,
        0,
        0,
        null,
        null,
        1,
        0,
        0,
        0,
        null,
        null
      ],
      "/home/ubuntu/workspace/project/allphonetoys_ror/app/helpers/application_helper.rb": [
        1,
        1,
        0,
        null,
        1,
        0,
        0,
        0,
        0,
        0,
        0,
        null,
        null,
        null
      ],
      "/home/ubuntu/workspace/project/allphonetoys_ror/app/helpers/admins_helper.rb": [
        1,
        null
      ],
      "/home/ubuntu/workspace/project/allphonetoys_ror/app/helpers/locations_helper.rb": [
        1,
        null
      ],
      "/home/ubuntu/workspace/project/allphonetoys_ror/app/helpers/password_resets_helper.rb": [
        1,
        null
      ],
      "/home/ubuntu/workspace/project/allphonetoys_ror/app/helpers/providers_helper.rb": [
        1,
        null
      ],
      "/home/ubuntu/workspace/project/allphonetoys_ror/app/helpers/sessions_helper.rb": [
        1,
        1,
        0,
        null,
        null,
        1,
        0,
        null,
        null,
        1,
        0,
        null,
        null,
        1,
        0,
        null,
        null,
        1,
        0,
        0,
        null,
        null,
        null,
        null,
        null,
        null,
        null,
        1,
        0,
        0,
        0,
        0,
        null,
        null
      ],
      "/home/ubuntu/workspace/project/allphonetoys_ror/app/helpers/transactions_helper.rb": [
        1,
        null
      ],
      "/home/ubuntu/workspace/project/allphonetoys_ror/app/helpers/users_helper.rb": [
        1,
        null
      ],
      "/home/ubuntu/workspace/project/allphonetoys_ror/app/channels/application_cable/channel.rb": [
        1,
        1,
        null,
        null
      ],
      "/home/ubuntu/workspace/project/allphonetoys_ror/app/channels/application_cable/connection.rb": [
        1,
        1,
        null,
        null
      ],
      "/home/ubuntu/workspace/project/allphonetoys_ror/app/controllers/admins_controller.rb": [
        1,
        1,
        1,
        null,
        null,
        null,
        1,
        0,
        null,
        null,
        null,
        null,
        1,
        null,
        null,
        1,
        null,
        null,
        null,
        1,
        0,
        null,
        null,
        null,
        1,
        null,
        null,
        null,
        null,
        1,
        0,
        null,
        0,
        0,
        0,
        0,
        null,
        0,
        0,
        null,
        null,
        null,
        null,
        null,
        null,
        1,
        0,
        0,
        0,
        0,
        null,
        0,
        0,
        null,
        null,
        null,
        null,
        null,
        null,
        1,
        0,
        0,
        0,
        0,
        null,
        null,
        null,
        1,
        null,
        1,
        0,
        null,
        null,
        null,
        1,
        0,
        null,
        null
      ],
      "/home/ubuntu/workspace/project/allphonetoys_ror/app/controllers/locations_controller.rb": [
        1,
        1,
        null,
        1,
        0,
        null,
        null,
        1,
        0,
        null,
        null,
        1,
        0,
        null,
        0,
        0,
        0,
        0,
        null,
        0,
        0,
        null,
        null,
        null,
        null,
        1,
        0,
        0,
        0,
        0,
        null,
        null,
        null,
        1,
        null,
        1,
        0,
        null,
        null
      ],
      "/home/ubuntu/workspace/project/allphonetoys_ror/app/controllers/password_resets_controller.rb": [
        1,
        1,
        null,
        1,
        0,
        0,
        0,
        null,
        1,
        0,
        null,
        null,
        1,
        0,
        0,
        0,
        0,
        0,
        null,
        0,
        null,
        null,
        1,
        0,
        null,
        null
      ],
      "/home/ubuntu/workspace/project/allphonetoys_ror/app/controllers/providers_controller.rb": [
        1,
        1,
        null,
        1,
        0,
        null,
        null,
        1,
        0,
        null,
        null,
        1,
        0,
        null,
        0,
        0,
        0,
        0,
        null,
        0,
        0,
        null,
        null,
        null,
        null,
        1,
        0,
        0,
        0,
        0,
        null,
        null,
        null,
        1,
        null,
        1,
        0,
        null,
        null
      ],
      "/home/ubuntu/workspace/project/allphonetoys_ror/app/controllers/sessions_controller.rb": [
        1,
        1,
        0,
        0,
        0,
        0,
        0,
        null,
        null,
        null,
        1,
        0,
        null,
        0,
        0,
        null,
        0,
        0,
        0,
        0,
        0,
        0,
        null,
        0,
        null,
        0,
        0,
        null,
        0,
        0,
        null,
        null,
        null,
        1,
        0,
        0,
        0,
        0,
        null,
        null
      ],
      "/home/ubuntu/workspace/project/allphonetoys_ror/app/controllers/timings_controller.rb": [
        1,
        1,
        null,
        1,
        0,
        null,
        null,
        1,
        0,
        0,
        0,
        null,
        0,
        null,
        null,
        1,
        0,
        null,
        null,
        1,
        0,
        null,
        null,
        1,
        0,
        null,
        0,
        0,
        0,
        0,
        null,
        0,
        0,
        null,
        null,
        null,
        null,
        1,
        0,
        null,
        0,
        0,
        0,
        0,
        null,
        0,
        0,
        null,
        null,
        null,
        null,
        1,
        0,
        0,
        0,
        0,
        null,
        null,
        null,
        1,
        null,
        1,
        0,
        null,
        null,
        1,
        0,
        0,
        0,
        0,
        0,
        null,
        null,
        null
      ],
      "/home/ubuntu/workspace/project/allphonetoys_ror/app/controllers/transactions_controller.rb": [
        1,
        1,
        1,
        null,
        null,
        null,
        1,
        0,
        0,
        null,
        0,
        null,
        0,
        null,
        null,
        0,
        null,
        null,
        1,
        0,
        0,
        0,
        null,
        null,
        1,
        0,
        0,
        null,
        null,
        null,
        null,
        1,
        null,
        null,
        null,
        1,
        0,
        0,
        0,
        0,
        0,
        0,
        0,
        null,
        0,
        0,
        null,
        null,
        null,
        null,
        1,
        null,
        null,
        null,
        null,
        1,
        0,
        0,
        0,
        null,
        null,
        0,
        0,
        0,
        0,
        null,
        0,
        0,
        null,
        null,
        null,
        null,
        null,
        null,
        1,
        0,
        0,
        0,
        0,
        null,
        0,
        0,
        null,
        null,
        null,
        null,
        null,
        null,
        1,
        0,
        0,
        0,
        0,
        null,
        null,
        null,
        1,
        0,
        null,
        0,
        0,
        0,
        0,
        0,
        0,
        null,
        0,
        0,
        null,
        null,
        1,
        0,
        0,
        0,
        0,
        0,
        null,
        0,
        0,
        null,
        null,
        1,
        null,
        1,
        0,
        null,
        null,
        null,
        1,
        0,
        null,
        null
      ],
      "/home/ubuntu/workspace/project/allphonetoys_ror/app/controllers/users_controller.rb": [
        1,
        1,
        1,
        1,
        null,
        null,
        null,
        1,
        null,
        null,
        0,
        null,
        null,
        null,
        null,
        null,
        1,
        null,
        null,
        null,
        1,
        0,
        null,
        null,
        null,
        1,
        0,
        null,
        null,
        null,
        null,
        1,
        0,
        null,
        0,
        0,
        0,
        0,
        null,
        0,
        0,
        null,
        null,
        null,
        null,
        null,
        null,
        1,
        0,
        0,
        0,
        0,
        null,
        0,
        0,
        null,
        null,
        null,
        null,
        null,
        null,
        1,
        0,
        0,
        0,
        0,
        null,
        null,
        null,
        1,
        null,
        1,
        0,
        null,
        null,
        null,
        1,
        0,
        null,
        null
      ],
      "/home/ubuntu/workspace/project/allphonetoys_ror/app/jobs/application_job.rb": [
        1,
        null
      ],
      "/home/ubuntu/workspace/project/allphonetoys_ror/app/mailers/application_mailer.rb": [
        1,
        1,
        1,
        null
      ],
      "/home/ubuntu/workspace/project/allphonetoys_ror/app/mailers/sms_mailer.rb": [
        1,
        1,
        0,
        0,
        0,
        null,
        null,
        null
      ],
      "/home/ubuntu/workspace/project/allphonetoys_ror/app/mailers/user_mailer.rb": [
        1,
        null,
        null,
        null,
        null,
        null,
        null,
        1,
        null,
        0,
        0,
        null,
        null
      ],
      "/home/ubuntu/workspace/project/allphonetoys_ror/app/models/admin.rb": [
        1,
        1,
        0,
        null,
        null
      ],
      "/home/ubuntu/workspace/project/allphonetoys_ror/app/models/application_record.rb": [
        1,
        1,
        null
      ],
      "/home/ubuntu/workspace/project/allphonetoys_ror/app/models/location.rb": [
        1,
        1,
        null
      ],
      "/home/ubuntu/workspace/project/allphonetoys_ror/app/models/pickup.rb": [
        1,
        null,
        null
      ],
      "/home/ubuntu/workspace/project/allphonetoys_ror/app/models/provider.rb": [
        1,
        1,
        null
      ],
      "/home/ubuntu/workspace/project/allphonetoys_ror/app/models/timing.rb": [
        1,
        1,
        null
      ],
      "/home/ubuntu/workspace/project/allphonetoys_ror/app/models/transaction.rb": [
        1,
        1,
        null,
        1,
        1,
        null,
        null,
        1,
        1,
        null,
        null,
        1,
        null,
        0,
        0,
        0,
        0,
        0,
        null,
        null,
        null,
        null,
        null,
        null
      ],
      "/home/ubuntu/workspace/project/allphonetoys_ror/app/models/user.rb": [
        1,
        1,
        null,
        1,
        null,
        1,
        null,
        1,
        null,
        1,
        1,
        null,
        1,
        1,
        1,
        0,
        null,
        null,
        1,
        null,
        0,
        0,
        0,
        0,
        0,
        0,
        0,
        null,
        null,
        1,
        0,
        0,
        0,
        0,
        null,
        null,
        1,
        null,
        0,
        0,
        null,
        null,
        null
      ],
      "/home/ubuntu/workspace/project/allphonetoys_ror/lib/zombie.rb": [
        0,
        0,
        0,
        0,
        0,
        0,
        0,
        0,
        0,
        0,
        0
      ]
    },
    "timestamp": 1511747530
  }
}
